<?xml version="1.0" encoding="utf-8" standalone="no"?>
<test-results xmlns:xsi="http://www.w3.org/2001/XMLSchema-instance" xsi:noNamespaceSchemaLocation="nunit_schema_2.5.xsd" name="Pester" total="152" errors="0" failures="0" not-run="0" inconclusive="0" ignored="0" skipped="0" invalid="0" date="2026-05-08" time="07:34:21">
  <environment user-domain="YAN" cwd="C:\Users\yanp0\VSC platforms\VSC platforms\AI-Platforms\agedefy" user="yanp0" nunit-version="2.5.8.0" clr-version="10.0.5" machine-name="YAN" os-version="10.0.26200" platform="Microsoft Windows 11 Home|C:\Windows|\Device\Harddisk0\Partition3" />
  <culture-info current-culture="en-US" current-uiculture="en-US" />
  <test-suite type="TestFixture" name="Pester" executed="True" result="Success" success="True" time="1.8777" asserts="0" description="Pester">
    <results>
      <test-suite type="TestFixture" name="C:\Users\yanp0\VSC platforms\VSC platforms\AI-Platforms\agedefy\tests\agents.tests.ps1" executed="True" result="Success" success="True" time="0.5883" asserts="0" description="C:\Users\yanp0\VSC platforms\VSC platforms\AI-Platforms\agedefy\tests\agents.tests.ps1">
        <results>
          <test-suite type="TestFixture" name="Agent specs" executed="True" result="Success" success="True" time="0.5083" asserts="0" description="Agent specs">
            <results>
              <test-case description="has at least the 18 expected agents" name="Agent specs.has at least the 18 expected agents" time="0.0014" asserts="0" success="True" result="Success" executed="True" />
              <test-suite type="ParameterizedTest" name="Agent specs.every agent file is parseable YAML — &lt;_&gt;" executed="True" result="Success" success="True" time="0.2476" asserts="0" description="every agent file is parseable YAML — &lt;_&gt;">
                <results>
                  <test-case description="every agent file is parseable YAML — C:\Users\yanp0\VSC platforms\VSC platforms\AI-Platforms\agedefy\agents\ai-personalization-agent.yml" name="Agent specs.every agent file is parseable YAML — C:\Users\yanp0\VSC platforms\VSC platforms\AI-Platforms\agedefy\agents\ai-personalization-agent.yml" time="0.0096" asserts="0" success="True" result="Success" executed="True" />
                  <test-case description="every agent file is parseable YAML — C:\Users\yanp0\VSC platforms\VSC platforms\AI-Platforms\agedefy\agents\audit-governance-agent.yml" name="Agent specs.every agent file is parseable YAML — C:\Users\yanp0\VSC platforms\VSC platforms\AI-Platforms\agedefy\agents\audit-governance-agent.yml" time="0.0092" asserts="0" success="True" result="Success" executed="True" />
                  <test-case description="every agent file is parseable YAML — C:\Users\yanp0\VSC platforms\VSC platforms\AI-Platforms\agedefy\agents\billing-agent.yml" name="Agent specs.every agent file is parseable YAML — C:\Users\yanp0\VSC platforms\VSC platforms\AI-Platforms\agedefy\agents\billing-agent.yml" time="0.0177" asserts="0" success="True" result="Success" executed="True" />
                  <test-case description="every agent file is parseable YAML — C:\Users\yanp0\VSC platforms\VSC platforms\AI-Platforms\agedefy\agents\brand-consistency-agent.yml" name="Agent specs.every agent file is parseable YAML — C:\Users\yanp0\VSC platforms\VSC platforms\AI-Platforms\agedefy\agents\brand-consistency-agent.yml" time="0.0079" asserts="0" success="True" result="Success" executed="True" />
                  <test-case description="every agent file is parseable YAML — C:\Users\yanp0\VSC platforms\VSC platforms\AI-Platforms\agedefy\agents\business-agent.yml" name="Agent specs.every agent file is parseable YAML — C:\Users\yanp0\VSC platforms\VSC platforms\AI-Platforms\agedefy\agents\business-agent.yml" time="0.0136" asserts="0" success="True" result="Success" executed="True" />
                  <test-case description="every agent file is parseable YAML — C:\Users\yanp0\VSC platforms\VSC platforms\AI-Platforms\agedefy\agents\clinician-review-agent.yml" name="Agent specs.every agent file is parseable YAML — C:\Users\yanp0\VSC platforms\VSC platforms\AI-Platforms\agedefy\agents\clinician-review-agent.yml" time="0.0117" asserts="0" success="True" result="Success" executed="True" />
                  <test-case description="every agent file is parseable YAML — C:\Users\yanp0\VSC platforms\VSC platforms\AI-Platforms\agedefy\agents\community-moderation-agent.yml" name="Agent specs.every agent file is parseable YAML — C:\Users\yanp0\VSC platforms\VSC platforms\AI-Platforms\agedefy\agents\community-moderation-agent.yml" time="0.0046" asserts="0" success="True" result="Success" executed="True" />
                  <test-case description="every agent file is parseable YAML — C:\Users\yanp0\VSC platforms\VSC platforms\AI-Platforms\agedefy\agents\design-system-agent.yml" name="Agent specs.every agent file is parseable YAML — C:\Users\yanp0\VSC platforms\VSC platforms\AI-Platforms\agedefy\agents\design-system-agent.yml" time="0.0056" asserts="0" success="True" result="Success" executed="True" />
                  <test-case description="every agent file is parseable YAML — C:\Users\yanp0\VSC platforms\VSC platforms\AI-Platforms\agedefy\agents\domain-agent.yml" name="Agent specs.every agent file is parseable YAML — C:\Users\yanp0\VSC platforms\VSC platforms\AI-Platforms\agedefy\agents\domain-agent.yml" time="0.007" asserts="0" success="True" result="Success" executed="True" />
                  <test-case description="every agent file is parseable YAML — C:\Users\yanp0\VSC platforms\VSC platforms\AI-Platforms\agedefy\agents\entry-agent.yml" name="Agent specs.every agent file is parseable YAML — C:\Users\yanp0\VSC platforms\VSC platforms\AI-Platforms\agedefy\agents\entry-agent.yml" time="0.0534" asserts="0" success="True" result="Success" executed="True" />
                  <test-case description="every agent file is parseable YAML — C:\Users\yanp0\VSC platforms\VSC platforms\AI-Platforms\agedefy\agents\i18n-agent.yml" name="Agent specs.every agent file is parseable YAML — C:\Users\yanp0\VSC platforms\VSC platforms\AI-Platforms\agedefy\agents\i18n-agent.yml" time="0.0078" asserts="0" success="True" result="Success" executed="True" />
                  <test-case description="every agent file is parseable YAML — C:\Users\yanp0\VSC platforms\VSC platforms\AI-Platforms\agedefy\agents\knowledge-graph-agent.yml" name="Agent specs.every agent file is parseable YAML — C:\Users\yanp0\VSC platforms\VSC platforms\AI-Platforms\agedefy\agents\knowledge-graph-agent.yml" time="0.0086" asserts="0" success="True" result="Success" executed="True" />
                  <test-case description="every agent file is parseable YAML — C:\Users\yanp0\VSC platforms\VSC platforms\AI-Platforms\agedefy\agents\law-awareness-agent.yml" name="Agent specs.every agent file is parseable YAML — C:\Users\yanp0\VSC platforms\VSC platforms\AI-Platforms\agedefy\agents\law-awareness-agent.yml" time="0.0126" asserts="0" success="True" result="Success" executed="True" />
                  <test-case description="every agent file is parseable YAML — C:\Users\yanp0\VSC platforms\VSC platforms\AI-Platforms\agedefy\agents\marketplace-agent.yml" name="Agent specs.every agent file is parseable YAML — C:\Users\yanp0\VSC platforms\VSC platforms\AI-Platforms\agedefy\agents\marketplace-agent.yml" time="0.0079" asserts="0" success="True" result="Success" executed="True" />
                  <test-case description="every agent file is parseable YAML — C:\Users\yanp0\VSC platforms\VSC platforms\AI-Platforms\agedefy\agents\master-orchestrator-agent.yml" name="Agent specs.every agent file is parseable YAML — C:\Users\yanp0\VSC platforms\VSC platforms\AI-Platforms\agedefy\agents\master-orchestrator-agent.yml" time="0.0333" asserts="0" success="True" result="Success" executed="True" />
                  <test-case description="every agent file is parseable YAML — C:\Users\yanp0\VSC platforms\VSC platforms\AI-Platforms\agedefy\agents\observability-agent.yml" name="Agent specs.every agent file is parseable YAML — C:\Users\yanp0\VSC platforms\VSC platforms\AI-Platforms\agedefy\agents\observability-agent.yml" time="0.005" asserts="0" success="True" result="Success" executed="True" />
                  <test-case description="every agent file is parseable YAML — C:\Users\yanp0\VSC platforms\VSC platforms\AI-Platforms\agedefy\agents\research-agent.yml" name="Agent specs.every agent file is parseable YAML — C:\Users\yanp0\VSC platforms\VSC platforms\AI-Platforms\agedefy\agents\research-agent.yml" time="0.006" asserts="0" success="True" result="Success" executed="True" />
                  <test-case description="every agent file is parseable YAML — C:\Users\yanp0\VSC platforms\VSC platforms\AI-Platforms\agedefy\agents\safety-agent.yml" name="Agent specs.every agent file is parseable YAML — C:\Users\yanp0\VSC platforms\VSC platforms\AI-Platforms\agedefy\agents\safety-agent.yml" time="0.0073" asserts="0" success="True" result="Success" executed="True" />
                  <test-case description="every agent file is parseable YAML — C:\Users\yanp0\VSC platforms\VSC platforms\AI-Platforms\agedefy\agents\telemedicine-agent.yml" name="Agent specs.every agent file is parseable YAML — C:\Users\yanp0\VSC platforms\VSC platforms\AI-Platforms\agedefy\agents\telemedicine-agent.yml" time="0.0093" asserts="0" success="True" result="Success" executed="True" />
                  <test-case description="every agent file is parseable YAML — C:\Users\yanp0\VSC platforms\VSC platforms\AI-Platforms\agedefy\agents\ux-ui-agent.yml" name="Agent specs.every agent file is parseable YAML — C:\Users\yanp0\VSC platforms\VSC platforms\AI-Platforms\agedefy\agents\ux-ui-agent.yml" time="0.0094" asserts="0" success="True" result="Success" executed="True" />
                </results>
              </test-suite>
              <test-suite type="ParameterizedTest" name="Agent specs.&lt;_&gt; has required keys" executed="True" result="Success" success="True" time="0.2067" asserts="0" description="&lt;_&gt; has required keys">
                <results>
                  <test-case description="C:\Users\yanp0\VSC platforms\VSC platforms\AI-Platforms\agedefy\agents\ai-personalization-agent.yml has required keys" name="Agent specs.C:\Users\yanp0\VSC platforms\VSC platforms\AI-Platforms\agedefy\agents\ai-personalization-agent.yml has required keys" time="0.0137" asserts="0" success="True" result="Success" executed="True" />
                  <test-case description="C:\Users\yanp0\VSC platforms\VSC platforms\AI-Platforms\agedefy\agents\audit-governance-agent.yml has required keys" name="Agent specs.C:\Users\yanp0\VSC platforms\VSC platforms\AI-Platforms\agedefy\agents\audit-governance-agent.yml has required keys" time="0.0129" asserts="0" success="True" result="Success" executed="True" />
                  <test-case description="C:\Users\yanp0\VSC platforms\VSC platforms\AI-Platforms\agedefy\agents\billing-agent.yml has required keys" name="Agent specs.C:\Users\yanp0\VSC platforms\VSC platforms\AI-Platforms\agedefy\agents\billing-agent.yml has required keys" time="0.0118" asserts="0" success="True" result="Success" executed="True" />
                  <test-case description="C:\Users\yanp0\VSC platforms\VSC platforms\AI-Platforms\agedefy\agents\brand-consistency-agent.yml has required keys" name="Agent specs.C:\Users\yanp0\VSC platforms\VSC platforms\AI-Platforms\agedefy\agents\brand-consistency-agent.yml has required keys" time="0.0094" asserts="0" success="True" result="Success" executed="True" />
                  <test-case description="C:\Users\yanp0\VSC platforms\VSC platforms\AI-Platforms\agedefy\agents\business-agent.yml has required keys" name="Agent specs.C:\Users\yanp0\VSC platforms\VSC platforms\AI-Platforms\agedefy\agents\business-agent.yml has required keys" time="0.0204" asserts="0" success="True" result="Success" executed="True" />
                  <test-case description="C:\Users\yanp0\VSC platforms\VSC platforms\AI-Platforms\agedefy\agents\clinician-review-agent.yml has required keys" name="Agent specs.C:\Users\yanp0\VSC platforms\VSC platforms\AI-Platforms\agedefy\agents\clinician-review-agent.yml has required keys" time="0.0093" asserts="0" success="True" result="Success" executed="True" />
                  <test-case description="C:\Users\yanp0\VSC platforms\VSC platforms\AI-Platforms\agedefy\agents\community-moderation-agent.yml has required keys" name="Agent specs.C:\Users\yanp0\VSC platforms\VSC platforms\AI-Platforms\agedefy\agents\community-moderation-agent.yml has required keys" time="0.0067" asserts="0" success="True" result="Success" executed="True" />
                  <test-case description="C:\Users\yanp0\VSC platforms\VSC platforms\AI-Platforms\agedefy\agents\design-system-agent.yml has required keys" name="Agent specs.C:\Users\yanp0\VSC platforms\VSC platforms\AI-Platforms\agedefy\agents\design-system-agent.yml has required keys" time="0.0084" asserts="0" success="True" result="Success" executed="True" />
                  <test-case description="C:\Users\yanp0\VSC platforms\VSC platforms\AI-Platforms\agedefy\agents\domain-agent.yml has required keys" name="Agent specs.C:\Users\yanp0\VSC platforms\VSC platforms\AI-Platforms\agedefy\agents\domain-agent.yml has required keys" time="0.0086" asserts="0" success="True" result="Success" executed="True" />
                  <test-case description="C:\Users\yanp0\VSC platforms\VSC platforms\AI-Platforms\agedefy\agents\entry-agent.yml has required keys" name="Agent specs.C:\Users\yanp0\VSC platforms\VSC platforms\AI-Platforms\agedefy\agents\entry-agent.yml has required keys" time="0.0142" asserts="0" success="True" result="Success" executed="True" />
                  <test-case description="C:\Users\yanp0\VSC platforms\VSC platforms\AI-Platforms\agedefy\agents\i18n-agent.yml has required keys" name="Agent specs.C:\Users\yanp0\VSC platforms\VSC platforms\AI-Platforms\agedefy\agents\i18n-agent.yml has required keys" time="0.0088" asserts="0" success="True" result="Success" executed="True" />
                  <test-case description="C:\Users\yanp0\VSC platforms\VSC platforms\AI-Platforms\agedefy\agents\knowledge-graph-agent.yml has required keys" name="Agent specs.C:\Users\yanp0\VSC platforms\VSC platforms\AI-Platforms\agedefy\agents\knowledge-graph-agent.yml has required keys" time="0.0068" asserts="0" success="True" result="Success" executed="True" />
                  <test-case description="C:\Users\yanp0\VSC platforms\VSC platforms\AI-Platforms\agedefy\agents\law-awareness-agent.yml has required keys" name="Agent specs.C:\Users\yanp0\VSC platforms\VSC platforms\AI-Platforms\agedefy\agents\law-awareness-agent.yml has required keys" time="0.0118" asserts="0" success="True" result="Success" executed="True" />
                  <test-case description="C:\Users\yanp0\VSC platforms\VSC platforms\AI-Platforms\agedefy\agents\marketplace-agent.yml has required keys" name="Agent specs.C:\Users\yanp0\VSC platforms\VSC platforms\AI-Platforms\agedefy\agents\marketplace-agent.yml has required keys" time="0.0066" asserts="0" success="True" result="Success" executed="True" />
                  <test-case description="C:\Users\yanp0\VSC platforms\VSC platforms\AI-Platforms\agedefy\agents\master-orchestrator-agent.yml has required keys" name="Agent specs.C:\Users\yanp0\VSC platforms\VSC platforms\AI-Platforms\agedefy\agents\master-orchestrator-agent.yml has required keys" time="0.0147" asserts="0" success="True" result="Success" executed="True" />
                  <test-case description="C:\Users\yanp0\VSC platforms\VSC platforms\AI-Platforms\agedefy\agents\observability-agent.yml has required keys" name="Agent specs.C:\Users\yanp0\VSC platforms\VSC platforms\AI-Platforms\agedefy\agents\observability-agent.yml has required keys" time="0.0066" asserts="0" success="True" result="Success" executed="True" />
                  <test-case description="C:\Users\yanp0\VSC platforms\VSC platforms\AI-Platforms\agedefy\agents\research-agent.yml has required keys" name="Agent specs.C:\Users\yanp0\VSC platforms\VSC platforms\AI-Platforms\agedefy\agents\research-agent.yml has required keys" time="0.0073" asserts="0" success="True" result="Success" executed="True" />
                  <test-case description="C:\Users\yanp0\VSC platforms\VSC platforms\AI-Platforms\agedefy\agents\safety-agent.yml has required keys" name="Agent specs.C:\Users\yanp0\VSC platforms\VSC platforms\AI-Platforms\agedefy\agents\safety-agent.yml has required keys" time="0.0124" asserts="0" success="True" result="Success" executed="True" />
                  <test-case description="C:\Users\yanp0\VSC platforms\VSC platforms\AI-Platforms\agedefy\agents\telemedicine-agent.yml has required keys" name="Agent specs.C:\Users\yanp0\VSC platforms\VSC platforms\AI-Platforms\agedefy\agents\telemedicine-agent.yml has required keys" time="0.0081" asserts="0" success="True" result="Success" executed="True" />
                  <test-case description="C:\Users\yanp0\VSC platforms\VSC platforms\AI-Platforms\agedefy\agents\ux-ui-agent.yml has required keys" name="Agent specs.C:\Users\yanp0\VSC platforms\VSC platforms\AI-Platforms\agedefy\agents\ux-ui-agent.yml has required keys" time="0.0081" asserts="0" success="True" result="Success" executed="True" />
                </results>
              </test-suite>
              <test-suite type="ParameterizedTest" name="Agent specs.&lt;_&gt; has no duplicate top-level keys" executed="True" result="Success" success="True" time="0.0461" asserts="0" description="&lt;_&gt; has no duplicate top-level keys">
                <results>
                  <test-case description="C:\Users\yanp0\VSC platforms\VSC platforms\AI-Platforms\agedefy\agents\ai-personalization-agent.yml has no duplicate top-level keys" name="Agent specs.C:\Users\yanp0\VSC platforms\VSC platforms\AI-Platforms\agedefy\agents\ai-personalization-agent.yml has no duplicate top-level keys" time="0.002" asserts="0" success="True" result="Success" executed="True" />
                  <test-case description="C:\Users\yanp0\VSC platforms\VSC platforms\AI-Platforms\agedefy\agents\audit-governance-agent.yml has no duplicate top-level keys" name="Agent specs.C:\Users\yanp0\VSC platforms\VSC platforms\AI-Platforms\agedefy\agents\audit-governance-agent.yml has no duplicate top-level keys" time="0.0022" asserts="0" success="True" result="Success" executed="True" />
                  <test-case description="C:\Users\yanp0\VSC platforms\VSC platforms\AI-Platforms\agedefy\agents\billing-agent.yml has no duplicate top-level keys" name="Agent specs.C:\Users\yanp0\VSC platforms\VSC platforms\AI-Platforms\agedefy\agents\billing-agent.yml has no duplicate top-level keys" time="0.0037" asserts="0" success="True" result="Success" executed="True" />
                  <test-case description="C:\Users\yanp0\VSC platforms\VSC platforms\AI-Platforms\agedefy\agents\brand-consistency-agent.yml has no duplicate top-level keys" name="Agent specs.C:\Users\yanp0\VSC platforms\VSC platforms\AI-Platforms\agedefy\agents\brand-consistency-agent.yml has no duplicate top-level keys" time="0.0021" asserts="0" success="True" result="Success" executed="True" />
                  <test-case description="C:\Users\yanp0\VSC platforms\VSC platforms\AI-Platforms\agedefy\agents\business-agent.yml has no duplicate top-level keys" name="Agent specs.C:\Users\yanp0\VSC platforms\VSC platforms\AI-Platforms\agedefy\agents\business-agent.yml has no duplicate top-level keys" time="0.0019" asserts="0" success="True" result="Success" executed="True" />
                  <test-case description="C:\Users\yanp0\VSC platforms\VSC platforms\AI-Platforms\agedefy\agents\clinician-review-agent.yml has no duplicate top-level keys" name="Agent specs.C:\Users\yanp0\VSC platforms\VSC platforms\AI-Platforms\agedefy\agents\clinician-review-agent.yml has no duplicate top-level keys" time="0.0019" asserts="0" success="True" result="Success" executed="True" />
                  <test-case description="C:\Users\yanp0\VSC platforms\VSC platforms\AI-Platforms\agedefy\agents\community-moderation-agent.yml has no duplicate top-level keys" name="Agent specs.C:\Users\yanp0\VSC platforms\VSC platforms\AI-Platforms\agedefy\agents\community-moderation-agent.yml has no duplicate top-level keys" time="0.0018" asserts="0" success="True" result="Success" executed="True" />
                  <test-case description="C:\Users\yanp0\VSC platforms\VSC platforms\AI-Platforms\agedefy\agents\design-system-agent.yml has no duplicate top-level keys" name="Agent specs.C:\Users\yanp0\VSC platforms\VSC platforms\AI-Platforms\agedefy\agents\design-system-agent.yml has no duplicate top-level keys" time="0.0018" asserts="0" success="True" result="Success" executed="True" />
                  <test-case description="C:\Users\yanp0\VSC platforms\VSC platforms\AI-Platforms\agedefy\agents\domain-agent.yml has no duplicate top-level keys" name="Agent specs.C:\Users\yanp0\VSC platforms\VSC platforms\AI-Platforms\agedefy\agents\domain-agent.yml has no duplicate top-level keys" time="0.002" asserts="0" success="True" result="Success" executed="True" />
                  <test-case description="C:\Users\yanp0\VSC platforms\VSC platforms\AI-Platforms\agedefy\agents\entry-agent.yml has no duplicate top-level keys" name="Agent specs.C:\Users\yanp0\VSC platforms\VSC platforms\AI-Platforms\agedefy\agents\entry-agent.yml has no duplicate top-level keys" time="0.0021" asserts="0" success="True" result="Success" executed="True" />
                  <test-case description="C:\Users\yanp0\VSC platforms\VSC platforms\AI-Platforms\agedefy\agents\i18n-agent.yml has no duplicate top-level keys" name="Agent specs.C:\Users\yanp0\VSC platforms\VSC platforms\AI-Platforms\agedefy\agents\i18n-agent.yml has no duplicate top-level keys" time="0.0019" asserts="0" success="True" result="Success" executed="True" />
                  <test-case description="C:\Users\yanp0\VSC platforms\VSC platforms\AI-Platforms\agedefy\agents\knowledge-graph-agent.yml has no duplicate top-level keys" name="Agent specs.C:\Users\yanp0\VSC platforms\VSC platforms\AI-Platforms\agedefy\agents\knowledge-graph-agent.yml has no duplicate top-level keys" time="0.002" asserts="0" success="True" result="Success" executed="True" />
                  <test-case description="C:\Users\yanp0\VSC platforms\VSC platforms\AI-Platforms\agedefy\agents\law-awareness-agent.yml has no duplicate top-level keys" name="Agent specs.C:\Users\yanp0\VSC platforms\VSC platforms\AI-Platforms\agedefy\agents\law-awareness-agent.yml has no duplicate top-level keys" time="0.0039" asserts="0" success="True" result="Success" executed="True" />
                  <test-case description="C:\Users\yanp0\VSC platforms\VSC platforms\AI-Platforms\agedefy\agents\marketplace-agent.yml has no duplicate top-level keys" name="Agent specs.C:\Users\yanp0\VSC platforms\VSC platforms\AI-Platforms\agedefy\agents\marketplace-agent.yml has no duplicate top-level keys" time="0.0022" asserts="0" success="True" result="Success" executed="True" />
                  <test-case description="C:\Users\yanp0\VSC platforms\VSC platforms\AI-Platforms\agedefy\agents\master-orchestrator-agent.yml has no duplicate top-level keys" name="Agent specs.C:\Users\yanp0\VSC platforms\VSC platforms\AI-Platforms\agedefy\agents\master-orchestrator-agent.yml has no duplicate top-level keys" time="0.0027" asserts="0" success="True" result="Success" executed="True" />
                  <test-case description="C:\Users\yanp0\VSC platforms\VSC platforms\AI-Platforms\agedefy\agents\observability-agent.yml has no duplicate top-level keys" name="Agent specs.C:\Users\yanp0\VSC platforms\VSC platforms\AI-Platforms\agedefy\agents\observability-agent.yml has no duplicate top-level keys" time="0.0025" asserts="0" success="True" result="Success" executed="True" />
                  <test-case description="C:\Users\yanp0\VSC platforms\VSC platforms\AI-Platforms\agedefy\agents\research-agent.yml has no duplicate top-level keys" name="Agent specs.C:\Users\yanp0\VSC platforms\VSC platforms\AI-Platforms\agedefy\agents\research-agent.yml has no duplicate top-level keys" time="0.0021" asserts="0" success="True" result="Success" executed="True" />
                  <test-case description="C:\Users\yanp0\VSC platforms\VSC platforms\AI-Platforms\agedefy\agents\safety-agent.yml has no duplicate top-level keys" name="Agent specs.C:\Users\yanp0\VSC platforms\VSC platforms\AI-Platforms\agedefy\agents\safety-agent.yml has no duplicate top-level keys" time="0.0026" asserts="0" success="True" result="Success" executed="True" />
                  <test-case description="C:\Users\yanp0\VSC platforms\VSC platforms\AI-Platforms\agedefy\agents\telemedicine-agent.yml has no duplicate top-level keys" name="Agent specs.C:\Users\yanp0\VSC platforms\VSC platforms\AI-Platforms\agedefy\agents\telemedicine-agent.yml has no duplicate top-level keys" time="0.0026" asserts="0" success="True" result="Success" executed="True" />
                  <test-case description="C:\Users\yanp0\VSC platforms\VSC platforms\AI-Platforms\agedefy\agents\ux-ui-agent.yml has no duplicate top-level keys" name="Agent specs.C:\Users\yanp0\VSC platforms\VSC platforms\AI-Platforms\agedefy\agents\ux-ui-agent.yml has no duplicate top-level keys" time="0.0022" asserts="0" success="True" result="Success" executed="True" />
                </results>
              </test-suite>
            </results>
          </test-suite>
        </results>
      </test-suite>
      <test-suite type="TestFixture" name="C:\Users\yanp0\VSC platforms\VSC platforms\AI-Platforms\agedefy\tests\legal-rules.tests.ps1" executed="True" result="Success" success="True" time="0.5239" asserts="0" description="C:\Users\yanp0\VSC platforms\VSC platforms\AI-Platforms\agedefy\tests\legal-rules.tests.ps1">
        <results>
          <test-suite type="TestFixture" name="Legal rule files" executed="True" result="Success" success="True" time="0.4404" asserts="0" description="Legal rule files">
            <results>
              <test-suite type="ParameterizedTest" name="Legal rule files.&lt;_&gt; parses" executed="True" result="Success" success="True" time="0.1055" asserts="0" description="&lt;_&gt; parses">
                <results>
                  <test-case description="C:\Users\yanp0\VSC platforms\VSC platforms\AI-Platforms\agedefy\agents\legal-rules\au.yml parses" name="Legal rule files.C:\Users\yanp0\VSC platforms\VSC platforms\AI-Platforms\agedefy\agents\legal-rules\au.yml parses" time="0.0173" asserts="0" success="True" result="Success" executed="True" />
                  <test-case description="C:\Users\yanp0\VSC platforms\VSC platforms\AI-Platforms\agedefy\agents\legal-rules\br.yml parses" name="Legal rule files.C:\Users\yanp0\VSC platforms\VSC platforms\AI-Platforms\agedefy\agents\legal-rules\br.yml parses" time="0.0099" asserts="0" success="True" result="Success" executed="True" />
                  <test-case description="C:\Users\yanp0\VSC platforms\VSC platforms\AI-Platforms\agedefy\agents\legal-rules\ca.yml parses" name="Legal rule files.C:\Users\yanp0\VSC platforms\VSC platforms\AI-Platforms\agedefy\agents\legal-rules\ca.yml parses" time="0.0082" asserts="0" success="True" result="Success" executed="True" />
                  <test-case description="C:\Users\yanp0\VSC platforms\VSC platforms\AI-Platforms\agedefy\agents\legal-rules\eu.yml parses" name="Legal rule files.C:\Users\yanp0\VSC platforms\VSC platforms\AI-Platforms\agedefy\agents\legal-rules\eu.yml parses" time="0.0107" asserts="0" success="True" result="Success" executed="True" />
                  <test-case description="C:\Users\yanp0\VSC platforms\VSC platforms\AI-Platforms\agedefy\agents\legal-rules\in.yml parses" name="Legal rule files.C:\Users\yanp0\VSC platforms\VSC platforms\AI-Platforms\agedefy\agents\legal-rules\in.yml parses" time="0.0118" asserts="0" success="True" result="Success" executed="True" />
                  <test-case description="C:\Users\yanp0\VSC platforms\VSC platforms\AI-Platforms\agedefy\agents\legal-rules\uk.yml parses" name="Legal rule files.C:\Users\yanp0\VSC platforms\VSC platforms\AI-Platforms\agedefy\agents\legal-rules\uk.yml parses" time="0.0133" asserts="0" success="True" result="Success" executed="True" />
                  <test-case description="C:\Users\yanp0\VSC platforms\VSC platforms\AI-Platforms\agedefy\agents\legal-rules\us.yml parses" name="Legal rule files.C:\Users\yanp0\VSC platforms\VSC platforms\AI-Platforms\agedefy\agents\legal-rules\us.yml parses" time="0.0099" asserts="0" success="True" result="Success" executed="True" />
                  <test-case description="C:\Users\yanp0\VSC platforms\VSC platforms\AI-Platforms\agedefy\agents\legal-rules\us-states\ca.yml parses" name="Legal rule files.C:\Users\yanp0\VSC platforms\VSC platforms\AI-Platforms\agedefy\agents\legal-rules\us-states\ca.yml parses" time="0.0056" asserts="0" success="True" result="Success" executed="True" />
                  <test-case description="C:\Users\yanp0\VSC platforms\VSC platforms\AI-Platforms\agedefy\agents\legal-rules\us-states\fl.yml parses" name="Legal rule files.C:\Users\yanp0\VSC platforms\VSC platforms\AI-Platforms\agedefy\agents\legal-rules\us-states\fl.yml parses" time="0.0079" asserts="0" success="True" result="Success" executed="True" />
                  <test-case description="C:\Users\yanp0\VSC platforms\VSC platforms\AI-Platforms\agedefy\agents\legal-rules\us-states\ny.yml parses" name="Legal rule files.C:\Users\yanp0\VSC platforms\VSC platforms\AI-Platforms\agedefy\agents\legal-rules\us-states\ny.yml parses" time="0.0056" asserts="0" success="True" result="Success" executed="True" />
                  <test-case description="C:\Users\yanp0\VSC platforms\VSC platforms\AI-Platforms\agedefy\agents\legal-rules\us-states\tx.yml parses" name="Legal rule files.C:\Users\yanp0\VSC platforms\VSC platforms\AI-Platforms\agedefy\agents\legal-rules\us-states\tx.yml parses" time="0.0053" asserts="0" success="True" result="Success" executed="True" />
                </results>
              </test-suite>
              <test-suite type="ParameterizedTest" name="Legal rule files.&lt;_&gt; has jurisdiction.code populated" executed="True" result="Success" success="True" time="0.1099" asserts="0" description="&lt;_&gt; has jurisdiction.code populated">
                <results>
                  <test-case description="C:\Users\yanp0\VSC platforms\VSC platforms\AI-Platforms\agedefy\agents\legal-rules\au.yml has jurisdiction.code populated" name="Legal rule files.C:\Users\yanp0\VSC platforms\VSC platforms\AI-Platforms\agedefy\agents\legal-rules\au.yml has jurisdiction.code populated" time="0.0108" asserts="0" success="True" result="Success" executed="True" />
                  <test-case description="C:\Users\yanp0\VSC platforms\VSC platforms\AI-Platforms\agedefy\agents\legal-rules\br.yml has jurisdiction.code populated" name="Legal rule files.C:\Users\yanp0\VSC platforms\VSC platforms\AI-Platforms\agedefy\agents\legal-rules\br.yml has jurisdiction.code populated" time="0.0102" asserts="0" success="True" result="Success" executed="True" />
                  <test-case description="C:\Users\yanp0\VSC platforms\VSC platforms\AI-Platforms\agedefy\agents\legal-rules\ca.yml has jurisdiction.code populated" name="Legal rule files.C:\Users\yanp0\VSC platforms\VSC platforms\AI-Platforms\agedefy\agents\legal-rules\ca.yml has jurisdiction.code populated" time="0.0079" asserts="0" success="True" result="Success" executed="True" />
                  <test-case description="C:\Users\yanp0\VSC platforms\VSC platforms\AI-Platforms\agedefy\agents\legal-rules\eu.yml has jurisdiction.code populated" name="Legal rule files.C:\Users\yanp0\VSC platforms\VSC platforms\AI-Platforms\agedefy\agents\legal-rules\eu.yml has jurisdiction.code populated" time="0.0146" asserts="0" success="True" result="Success" executed="True" />
                  <test-case description="C:\Users\yanp0\VSC platforms\VSC platforms\AI-Platforms\agedefy\agents\legal-rules\in.yml has jurisdiction.code populated" name="Legal rule files.C:\Users\yanp0\VSC platforms\VSC platforms\AI-Platforms\agedefy\agents\legal-rules\in.yml has jurisdiction.code populated" time="0.0082" asserts="0" success="True" result="Success" executed="True" />
                  <test-case description="C:\Users\yanp0\VSC platforms\VSC platforms\AI-Platforms\agedefy\agents\legal-rules\uk.yml has jurisdiction.code populated" name="Legal rule files.C:\Users\yanp0\VSC platforms\VSC platforms\AI-Platforms\agedefy\agents\legal-rules\uk.yml has jurisdiction.code populated" time="0.0089" asserts="0" success="True" result="Success" executed="True" />
                  <test-case description="C:\Users\yanp0\VSC platforms\VSC platforms\AI-Platforms\agedefy\agents\legal-rules\us.yml has jurisdiction.code populated" name="Legal rule files.C:\Users\yanp0\VSC platforms\VSC platforms\AI-Platforms\agedefy\agents\legal-rules\us.yml has jurisdiction.code populated" time="0.0141" asserts="0" success="True" result="Success" executed="True" />
                  <test-case description="C:\Users\yanp0\VSC platforms\VSC platforms\AI-Platforms\agedefy\agents\legal-rules\us-states\ca.yml has jurisdiction.code populated" name="Legal rule files.C:\Users\yanp0\VSC platforms\VSC platforms\AI-Platforms\agedefy\agents\legal-rules\us-states\ca.yml has jurisdiction.code populated" time="0.0107" asserts="0" success="True" result="Success" executed="True" />
                  <test-case description="C:\Users\yanp0\VSC platforms\VSC platforms\AI-Platforms\agedefy\agents\legal-rules\us-states\fl.yml has jurisdiction.code populated" name="Legal rule files.C:\Users\yanp0\VSC platforms\VSC platforms\AI-Platforms\agedefy\agents\legal-rules\us-states\fl.yml has jurisdiction.code populated" time="0.0104" asserts="0" success="True" result="Success" executed="True" />
                  <test-case description="C:\Users\yanp0\VSC platforms\VSC platforms\AI-Platforms\agedefy\agents\legal-rules\us-states\ny.yml has jurisdiction.code populated" name="Legal rule files.C:\Users\yanp0\VSC platforms\VSC platforms\AI-Platforms\agedefy\agents\legal-rules\us-states\ny.yml has jurisdiction.code populated" time="0.0087" asserts="0" success="True" result="Success" executed="True" />
                  <test-case description="C:\Users\yanp0\VSC platforms\VSC platforms\AI-Platforms\agedefy\agents\legal-rules\us-states\tx.yml has jurisdiction.code populated" name="Legal rule files.C:\Users\yanp0\VSC platforms\VSC platforms\AI-Platforms\agedefy\agents\legal-rules\us-states\tx.yml has jurisdiction.code populated" time="0.0056" asserts="0" success="True" result="Success" executed="True" />
                </results>
              </test-suite>
              <test-suite type="ParameterizedTest" name="Legal rule files.&lt;_&gt; has last_reviewed within 12 months" executed="True" result="Success" success="True" time="0.0952" asserts="0" description="&lt;_&gt; has last_reviewed within 12 months">
                <results>
                  <test-case description="C:\Users\yanp0\VSC platforms\VSC platforms\AI-Platforms\agedefy\agents\legal-rules\au.yml has last_reviewed within 12 months" name="Legal rule files.C:\Users\yanp0\VSC platforms\VSC platforms\AI-Platforms\agedefy\agents\legal-rules\au.yml has last_reviewed within 12 months" time="0.0095" asserts="0" success="True" result="Success" executed="True" />
                  <test-case description="C:\Users\yanp0\VSC platforms\VSC platforms\AI-Platforms\agedefy\agents\legal-rules\br.yml has last_reviewed within 12 months" name="Legal rule files.C:\Users\yanp0\VSC platforms\VSC platforms\AI-Platforms\agedefy\agents\legal-rules\br.yml has last_reviewed within 12 months" time="0.0097" asserts="0" success="True" result="Success" executed="True" />
                  <test-case description="C:\Users\yanp0\VSC platforms\VSC platforms\AI-Platforms\agedefy\agents\legal-rules\ca.yml has last_reviewed within 12 months" name="Legal rule files.C:\Users\yanp0\VSC platforms\VSC platforms\AI-Platforms\agedefy\agents\legal-rules\ca.yml has last_reviewed within 12 months" time="0.0076" asserts="0" success="True" result="Success" executed="True" />
                  <test-case description="C:\Users\yanp0\VSC platforms\VSC platforms\AI-Platforms\agedefy\agents\legal-rules\eu.yml has last_reviewed within 12 months" name="Legal rule files.C:\Users\yanp0\VSC platforms\VSC platforms\AI-Platforms\agedefy\agents\legal-rules\eu.yml has last_reviewed within 12 months" time="0.0093" asserts="0" success="True" result="Success" executed="True" />
                  <test-case description="C:\Users\yanp0\VSC platforms\VSC platforms\AI-Platforms\agedefy\agents\legal-rules\in.yml has last_reviewed within 12 months" name="Legal rule files.C:\Users\yanp0\VSC platforms\VSC platforms\AI-Platforms\agedefy\agents\legal-rules\in.yml has last_reviewed within 12 months" time="0.0117" asserts="0" success="True" result="Success" executed="True" />
                  <test-case description="C:\Users\yanp0\VSC platforms\VSC platforms\AI-Platforms\agedefy\agents\legal-rules\uk.yml has last_reviewed within 12 months" name="Legal rule files.C:\Users\yanp0\VSC platforms\VSC platforms\AI-Platforms\agedefy\agents\legal-rules\uk.yml has last_reviewed within 12 months" time="0.0087" asserts="0" success="True" result="Success" executed="True" />
                  <test-case description="C:\Users\yanp0\VSC platforms\VSC platforms\AI-Platforms\agedefy\agents\legal-rules\us.yml has last_reviewed within 12 months" name="Legal rule files.C:\Users\yanp0\VSC platforms\VSC platforms\AI-Platforms\agedefy\agents\legal-rules\us.yml has last_reviewed within 12 months" time="0.0132" asserts="0" success="True" result="Success" executed="True" />
                  <test-case description="C:\Users\yanp0\VSC platforms\VSC platforms\AI-Platforms\agedefy\agents\legal-rules\us-states\ca.yml has last_reviewed within 12 months" name="Legal rule files.C:\Users\yanp0\VSC platforms\VSC platforms\AI-Platforms\agedefy\agents\legal-rules\us-states\ca.yml has last_reviewed within 12 months" time="0.0059" asserts="0" success="True" result="Success" executed="True" />
                  <test-case description="C:\Users\yanp0\VSC platforms\VSC platforms\AI-Platforms\agedefy\agents\legal-rules\us-states\fl.yml has last_reviewed within 12 months" name="Legal rule files.C:\Users\yanp0\VSC platforms\VSC platforms\AI-Platforms\agedefy\agents\legal-rules\us-states\fl.yml has last_reviewed within 12 months" time="0.006" asserts="0" success="True" result="Success" executed="True" />
                  <test-case description="C:\Users\yanp0\VSC platforms\VSC platforms\AI-Platforms\agedefy\agents\legal-rules\us-states\ny.yml has last_reviewed within 12 months" name="Legal rule files.C:\Users\yanp0\VSC platforms\VSC platforms\AI-Platforms\agedefy\agents\legal-rules\us-states\ny.yml has last_reviewed within 12 months" time="0.0057" asserts="0" success="True" result="Success" executed="True" />
                  <test-case description="C:\Users\yanp0\VSC platforms\VSC platforms\AI-Platforms\agedefy\agents\legal-rules\us-states\tx.yml has last_reviewed within 12 months" name="Legal rule files.C:\Users\yanp0\VSC platforms\VSC platforms\AI-Platforms\agedefy\agents\legal-rules\us-states\tx.yml has last_reviewed within 12 months" time="0.0079" asserts="0" success="True" result="Success" executed="True" />
                </results>
              </test-suite>
              <test-suite type="ParameterizedTest" name="Legal rule files.&lt;_&gt; rules carry citations + valid severity" executed="True" result="Success" success="True" time="0.124" asserts="0" description="&lt;_&gt; rules carry citations + valid severity">
                <results>
                  <test-case description="C:\Users\yanp0\VSC platforms\VSC platforms\AI-Platforms\agedefy\agents\legal-rules\au.yml rules carry citations + valid severity" name="Legal rule files.C:\Users\yanp0\VSC platforms\VSC platforms\AI-Platforms\agedefy\agents\legal-rules\au.yml rules carry citations + valid severity" time="0.0106" asserts="0" success="True" result="Success" executed="True" />
                  <test-case description="C:\Users\yanp0\VSC platforms\VSC platforms\AI-Platforms\agedefy\agents\legal-rules\br.yml rules carry citations + valid severity" name="Legal rule files.C:\Users\yanp0\VSC platforms\VSC platforms\AI-Platforms\agedefy\agents\legal-rules\br.yml rules carry citations + valid severity" time="0.0095" asserts="0" success="True" result="Success" executed="True" />
                  <test-case description="C:\Users\yanp0\VSC platforms\VSC platforms\AI-Platforms\agedefy\agents\legal-rules\ca.yml rules carry citations + valid severity" name="Legal rule files.C:\Users\yanp0\VSC platforms\VSC platforms\AI-Platforms\agedefy\agents\legal-rules\ca.yml rules carry citations + valid severity" time="0.0107" asserts="0" success="True" result="Success" executed="True" />
                  <test-case description="C:\Users\yanp0\VSC platforms\VSC platforms\AI-Platforms\agedefy\agents\legal-rules\eu.yml rules carry citations + valid severity" name="Legal rule files.C:\Users\yanp0\VSC platforms\VSC platforms\AI-Platforms\agedefy\agents\legal-rules\eu.yml rules carry citations + valid severity" time="0.0109" asserts="0" success="True" result="Success" executed="True" />
                  <test-case description="C:\Users\yanp0\VSC platforms\VSC platforms\AI-Platforms\agedefy\agents\legal-rules\in.yml rules carry citations + valid severity" name="Legal rule files.C:\Users\yanp0\VSC platforms\VSC platforms\AI-Platforms\agedefy\agents\legal-rules\in.yml rules carry citations + valid severity" time="0.0131" asserts="0" success="True" result="Success" executed="True" />
                  <test-case description="C:\Users\yanp0\VSC platforms\VSC platforms\AI-Platforms\agedefy\agents\legal-rules\uk.yml rules carry citations + valid severity" name="Legal rule files.C:\Users\yanp0\VSC platforms\VSC platforms\AI-Platforms\agedefy\agents\legal-rules\uk.yml rules carry citations + valid severity" time="0.0143" asserts="0" success="True" result="Success" executed="True" />
                  <test-case description="C:\Users\yanp0\VSC platforms\VSC platforms\AI-Platforms\agedefy\agents\legal-rules\us.yml rules carry citations + valid severity" name="Legal rule files.C:\Users\yanp0\VSC platforms\VSC platforms\AI-Platforms\agedefy\agents\legal-rules\us.yml rules carry citations + valid severity" time="0.0163" asserts="0" success="True" result="Success" executed="True" />
                  <test-case description="C:\Users\yanp0\VSC platforms\VSC platforms\AI-Platforms\agedefy\agents\legal-rules\us-states\ca.yml rules carry citations + valid severity" name="Legal rule files.C:\Users\yanp0\VSC platforms\VSC platforms\AI-Platforms\agedefy\agents\legal-rules\us-states\ca.yml rules carry citations + valid severity" time="0.0065" asserts="0" success="True" result="Success" executed="True" />
                  <test-case description="C:\Users\yanp0\VSC platforms\VSC platforms\AI-Platforms\agedefy\agents\legal-rules\us-states\fl.yml rules carry citations + valid severity" name="Legal rule files.C:\Users\yanp0\VSC platforms\VSC platforms\AI-Platforms\agedefy\agents\legal-rules\us-states\fl.yml rules carry citations + valid severity" time="0.0081" asserts="0" success="True" result="Success" executed="True" />
                  <test-case description="C:\Users\yanp0\VSC platforms\VSC platforms\AI-Platforms\agedefy\agents\legal-rules\us-states\ny.yml rules carry citations + valid severity" name="Legal rule files.C:\Users\yanp0\VSC platforms\VSC platforms\AI-Platforms\agedefy\agents\legal-rules\us-states\ny.yml rules carry citations + valid severity" time="0.013" asserts="0" success="True" result="Success" executed="True" />
                  <test-case description="C:\Users\yanp0\VSC platforms\VSC platforms\AI-Platforms\agedefy\agents\legal-rules\us-states\tx.yml rules carry citations + valid severity" name="Legal rule files.C:\Users\yanp0\VSC platforms\VSC platforms\AI-Platforms\agedefy\agents\legal-rules\us-states\tx.yml rules carry citations + valid severity" time="0.011" asserts="0" success="True" result="Success" executed="True" />
                </results>
              </test-suite>
            </results>
          </test-suite>
        </results>
      </test-suite>
      <test-suite type="TestFixture" name="C:\Users\yanp0\VSC platforms\VSC platforms\AI-Platforms\agedefy\tests\simulation.tests.ps1" executed="True" result="Success" success="True" time="0.3181" asserts="0" description="C:\Users\yanp0\VSC platforms\VSC platforms\AI-Platforms\agedefy\tests\simulation.tests.ps1">
        <results>
          <test-suite type="TestFixture" name="Headless platform simulation" executed="True" result="Success" success="True" time="0.185" asserts="0" description="Headless platform simulation">
            <results>
              <test-case description="Test-Platform passes" name="Headless platform simulation.Test-Platform passes" time="0.1134" asserts="0" success="True" result="Success" executed="True" />
              <test-case description="Run-Simulation matches golden output (loose contains check)" name="Headless platform simulation.Run-Simulation matches golden output (loose contains check)" time="0.0598" asserts="0" success="True" result="Success" executed="True" />
            </results>
          </test-suite>
        </results>
      </test-suite>
      <test-suite type="TestFixture" name="C:\Users\yanp0\VSC platforms\VSC platforms\AI-Platforms\agedefy\tests\tools.tests.ps1" executed="True" result="Success" success="True" time="0.252" asserts="0" description="C:\Users\yanp0\VSC platforms\VSC platforms\AI-Platforms\agedefy\tests\tools.tests.ps1">
        <results>
          <test-suite type="TestFixture" name="Tool scripts" executed="True" result="Success" success="True" time="0.1366" asserts="0" description="Tool scripts">
            <results>
              <test-case description="every v3 script in platform-dev menu exists on disk" name="Tool scripts.every v3 script in platform-dev menu exists on disk" time="0.0038" asserts="0" success="True" result="Success" executed="True" />
              <test-suite type="ParameterizedTest" name="Tool scripts.&lt;_&gt; exposes -Help" executed="True" result="Success" success="True" time="0.0708" asserts="0" description="&lt;_&gt; exposes -Help">
                <results>
                  <test-case description="C:\Users\yanp0\VSC platforms\VSC platforms\AI-Platforms\agedefy\tools\add-country.ps1 exposes -Help" name="Tool scripts.C:\Users\yanp0\VSC platforms\VSC platforms\AI-Platforms\agedefy\tools\add-country.ps1 exposes -Help" time="0.0052" asserts="0" success="True" result="Success" executed="True" />
                  <test-case description="C:\Users\yanp0\VSC platforms\VSC platforms\AI-Platforms\agedefy\tools\add-state.ps1 exposes -Help" name="Tool scripts.C:\Users\yanp0\VSC platforms\VSC platforms\AI-Platforms\agedefy\tools\add-state.ps1 exposes -Help" time="0.0043" asserts="0" success="True" result="Success" executed="True" />
                  <test-case description="C:\Users\yanp0\VSC platforms\VSC platforms\AI-Platforms\agedefy\tools\analyze-biomarkers.ps1 exposes -Help" name="Tool scripts.C:\Users\yanp0\VSC platforms\VSC platforms\AI-Platforms\agedefy\tools\analyze-biomarkers.ps1 exposes -Help" time="0.0039" asserts="0" success="True" result="Success" executed="True" />
                  <test-case description="C:\Users\yanp0\VSC platforms\VSC platforms\AI-Platforms\agedefy\tools\diff-jurisdictions.ps1 exposes -Help" name="Tool scripts.C:\Users\yanp0\VSC platforms\VSC platforms\AI-Platforms\agedefy\tools\diff-jurisdictions.ps1 exposes -Help" time="0.0056" asserts="0" success="True" result="Success" executed="True" />
                  <test-case description="C:\Users\yanp0\VSC platforms\VSC platforms\AI-Platforms\agedefy\tools\export-jurisdiction-pack.ps1 exposes -Help" name="Tool scripts.C:\Users\yanp0\VSC platforms\VSC platforms\AI-Platforms\agedefy\tools\export-jurisdiction-pack.ps1 exposes -Help" time="0.0058" asserts="0" success="True" result="Success" executed="True" />
                  <test-case description="C:\Users\yanp0\VSC platforms\VSC platforms\AI-Platforms\agedefy\tools\fix-legal-rules.ps1 exposes -Help" name="Tool scripts.C:\Users\yanp0\VSC platforms\VSC platforms\AI-Platforms\agedefy\tools\fix-legal-rules.ps1 exposes -Help" time="0.0056" asserts="0" success="True" result="Success" executed="True" />
                  <test-case description="C:\Users\yanp0\VSC platforms\VSC platforms\AI-Platforms\agedefy\tools\jurisdiction-dashboard.ps1 exposes -Help" name="Tool scripts.C:\Users\yanp0\VSC platforms\VSC platforms\AI-Platforms\agedefy\tools\jurisdiction-dashboard.ps1 exposes -Help" time="0.0035" asserts="0" success="True" result="Success" executed="True" />
                  <test-case description="C:\Users\yanp0\VSC platforms\VSC platforms\AI-Platforms\agedefy\tools\replay-trace.ps1 exposes -Help" name="Tool scripts.C:\Users\yanp0\VSC platforms\VSC platforms\AI-Platforms\agedefy\tools\replay-trace.ps1 exposes -Help" time="0.004" asserts="0" success="True" result="Success" executed="True" />
                  <test-case description="C:\Users\yanp0\VSC platforms\VSC platforms\AI-Platforms\agedefy\tools\search-rules.ps1 exposes -Help" name="Tool scripts.C:\Users\yanp0\VSC platforms\VSC platforms\AI-Platforms\agedefy\tools\search-rules.ps1 exposes -Help" time="0.0046" asserts="0" success="True" result="Success" executed="True" />
                  <test-case description="C:\Users\yanp0\VSC platforms\VSC platforms\AI-Platforms\agedefy\tools\validate-legal-rules.ps1 exposes -Help" name="Tool scripts.C:\Users\yanp0\VSC platforms\VSC platforms\AI-Platforms\agedefy\tools\validate-legal-rules.ps1 exposes -Help" time="0.0041" asserts="0" success="True" result="Success" executed="True" />
                  <test-case description="C:\Users\yanp0\VSC platforms\VSC platforms\AI-Platforms\agedefy\tools-v3\v3-agent-inspector.ps1 exposes -Help" name="Tool scripts.C:\Users\yanp0\VSC platforms\VSC platforms\AI-Platforms\agedefy\tools-v3\v3-agent-inspector.ps1 exposes -Help" time="0.0032" asserts="0" success="True" result="Success" executed="True" />
                  <test-case description="C:\Users\yanp0\VSC platforms\VSC platforms\AI-Platforms\agedefy\tools-v3\v3-diff.ps1 exposes -Help" name="Tool scripts.C:\Users\yanp0\VSC platforms\VSC platforms\AI-Platforms\agedefy\tools-v3\v3-diff.ps1 exposes -Help" time="0.0029" asserts="0" success="True" result="Success" executed="True" />
                  <test-case description="C:\Users\yanp0\VSC platforms\VSC platforms\AI-Platforms\agedefy\tools-v3\v3-emit-metrics.ps1 exposes -Help" name="Tool scripts.C:\Users\yanp0\VSC platforms\VSC platforms\AI-Platforms\agedefy\tools-v3\v3-emit-metrics.ps1 exposes -Help" time="0.0022" asserts="0" success="True" result="Success" executed="True" />
                  <test-case description="C:\Users\yanp0\VSC platforms\VSC platforms\AI-Platforms\agedefy\tools-v3\v3-jurisdiction-validator.ps1 exposes -Help" name="Tool scripts.C:\Users\yanp0\VSC platforms\VSC platforms\AI-Platforms\agedefy\tools-v3\v3-jurisdiction-validator.ps1 exposes -Help" time="0.002" asserts="0" success="True" result="Success" executed="True" />
                  <test-case description="C:\Users\yanp0\VSC platforms\VSC platforms\AI-Platforms\agedefy\tools-v3\v3-kpi-dashboard.ps1 exposes -Help" name="Tool scripts.C:\Users\yanp0\VSC platforms\VSC platforms\AI-Platforms\agedefy\tools-v3\v3-kpi-dashboard.ps1 exposes -Help" time="0.0019" asserts="0" success="True" result="Success" executed="True" />
                  <test-case description="C:\Users\yanp0\VSC platforms\VSC platforms\AI-Platforms\agedefy\tools-v3\v3-multi-platform-test.ps1 exposes -Help" name="Tool scripts.C:\Users\yanp0\VSC platforms\VSC platforms\AI-Platforms\agedefy\tools-v3\v3-multi-platform-test.ps1 exposes -Help" time="0.0022" asserts="0" success="True" result="Success" executed="True" />
                  <test-case description="C:\Users\yanp0\VSC platforms\VSC platforms\AI-Platforms\agedefy\tools-v3\v3-orchestrator-visualizer.ps1 exposes -Help" name="Tool scripts.C:\Users\yanp0\VSC platforms\VSC platforms\AI-Platforms\agedefy\tools-v3\v3-orchestrator-visualizer.ps1 exposes -Help" time="0.0049" asserts="0" success="True" result="Success" executed="True" />
                  <test-case description="C:\Users\yanp0\VSC platforms\VSC platforms\AI-Platforms\agedefy\tools-v3\v3-release.ps1 exposes -Help" name="Tool scripts.C:\Users\yanp0\VSC platforms\VSC platforms\AI-Platforms\agedefy\tools-v3\v3-release.ps1 exposes -Help" time="0.0026" asserts="0" success="True" result="Success" executed="True" />
                  <test-case description="C:\Users\yanp0\VSC platforms\VSC platforms\AI-Platforms\agedefy\tools-v3\v3-workflow-debugger.ps1 exposes -Help" name="Tool scripts.C:\Users\yanp0\VSC platforms\VSC platforms\AI-Platforms\agedefy\tools-v3\v3-workflow-debugger.ps1 exposes -Help" time="0.0023" asserts="0" success="True" result="Success" executed="True" />
                </results>
              </test-suite>
              <test-suite type="ParameterizedTest" name="Tool scripts.&lt;_&gt; dot-sources _common.ps1" executed="True" result="Success" success="True" time="0.0539" asserts="0" description="&lt;_&gt; dot-sources _common.ps1">
                <results>
                  <test-case description="C:\Users\yanp0\VSC platforms\VSC platforms\AI-Platforms\agedefy\tools\add-country.ps1 dot-sources _common.ps1" name="Tool scripts.C:\Users\yanp0\VSC platforms\VSC platforms\AI-Platforms\agedefy\tools\add-country.ps1 dot-sources _common.ps1" time="0.0027" asserts="0" success="True" result="Success" executed="True" />
                  <test-case description="C:\Users\yanp0\VSC platforms\VSC platforms\AI-Platforms\agedefy\tools\add-state.ps1 dot-sources _common.ps1" name="Tool scripts.C:\Users\yanp0\VSC platforms\VSC platforms\AI-Platforms\agedefy\tools\add-state.ps1 dot-sources _common.ps1" time="0.0028" asserts="0" success="True" result="Success" executed="True" />
                  <test-case description="C:\Users\yanp0\VSC platforms\VSC platforms\AI-Platforms\agedefy\tools\analyze-biomarkers.ps1 dot-sources _common.ps1" name="Tool scripts.C:\Users\yanp0\VSC platforms\VSC platforms\AI-Platforms\agedefy\tools\analyze-biomarkers.ps1 dot-sources _common.ps1" time="0.0027" asserts="0" success="True" result="Success" executed="True" />
                  <test-case description="C:\Users\yanp0\VSC platforms\VSC platforms\AI-Platforms\agedefy\tools\diff-jurisdictions.ps1 dot-sources _common.ps1" name="Tool scripts.C:\Users\yanp0\VSC platforms\VSC platforms\AI-Platforms\agedefy\tools\diff-jurisdictions.ps1 dot-sources _common.ps1" time="0.0029" asserts="0" success="True" result="Success" executed="True" />
                  <test-case description="C:\Users\yanp0\VSC platforms\VSC platforms\AI-Platforms\agedefy\tools\export-jurisdiction-pack.ps1 dot-sources _common.ps1" name="Tool scripts.C:\Users\yanp0\VSC platforms\VSC platforms\AI-Platforms\agedefy\tools\export-jurisdiction-pack.ps1 dot-sources _common.ps1" time="0.0029" asserts="0" success="True" result="Success" executed="True" />
                  <test-case description="C:\Users\yanp0\VSC platforms\VSC platforms\AI-Platforms\agedefy\tools\fix-legal-rules.ps1 dot-sources _common.ps1" name="Tool scripts.C:\Users\yanp0\VSC platforms\VSC platforms\AI-Platforms\agedefy\tools\fix-legal-rules.ps1 dot-sources _common.ps1" time="0.0033" asserts="0" success="True" result="Success" executed="True" />
                  <test-case description="C:\Users\yanp0\VSC platforms\VSC platforms\AI-Platforms\agedefy\tools\jurisdiction-dashboard.ps1 dot-sources _common.ps1" name="Tool scripts.C:\Users\yanp0\VSC platforms\VSC platforms\AI-Platforms\agedefy\tools\jurisdiction-dashboard.ps1 dot-sources _common.ps1" time="0.0033" asserts="0" success="True" result="Success" executed="True" />
                  <test-case description="C:\Users\yanp0\VSC platforms\VSC platforms\AI-Platforms\agedefy\tools\replay-trace.ps1 dot-sources _common.ps1" name="Tool scripts.C:\Users\yanp0\VSC platforms\VSC platforms\AI-Platforms\agedefy\tools\replay-trace.ps1 dot-sources _common.ps1" time="0.0032" asserts="0" success="True" result="Success" executed="True" />
                  <test-case description="C:\Users\yanp0\VSC platforms\VSC platforms\AI-Platforms\agedefy\tools\search-rules.ps1 dot-sources _common.ps1" name="Tool scripts.C:\Users\yanp0\VSC platforms\VSC platforms\AI-Platforms\agedefy\tools\search-rules.ps1 dot-sources _common.ps1" time="0.0027" asserts="0" success="True" result="Success" executed="True" />
                  <test-case description="C:\Users\yanp0\VSC platforms\VSC platforms\AI-Platforms\agedefy\tools\validate-legal-rules.ps1 dot-sources _common.ps1" name="Tool scripts.C:\Users\yanp0\VSC platforms\VSC platforms\AI-Platforms\agedefy\tools\validate-legal-rules.ps1 dot-sources _common.ps1" time="0.0028" asserts="0" success="True" result="Success" executed="True" />
                  <test-case description="C:\Users\yanp0\VSC platforms\VSC platforms\AI-Platforms\agedefy\tools-v3\v3-agent-inspector.ps1 dot-sources _common.ps1" name="Tool scripts.C:\Users\yanp0\VSC platforms\VSC platforms\AI-Platforms\agedefy\tools-v3\v3-agent-inspector.ps1 dot-sources _common.ps1" time="0.0028" asserts="0" success="True" result="Success" executed="True" />
                  <test-case description="C:\Users\yanp0\VSC platforms\VSC platforms\AI-Platforms\agedefy\tools-v3\v3-diff.ps1 dot-sources _common.ps1" name="Tool scripts.C:\Users\yanp0\VSC platforms\VSC platforms\AI-Platforms\agedefy\tools-v3\v3-diff.ps1 dot-sources _common.ps1" time="0.003" asserts="0" success="True" result="Success" executed="True" />
                  <test-case description="C:\Users\yanp0\VSC platforms\VSC platforms\AI-Platforms\agedefy\tools-v3\v3-emit-metrics.ps1 dot-sources _common.ps1" name="Tool scripts.C:\Users\yanp0\VSC platforms\VSC platforms\AI-Platforms\agedefy\tools-v3\v3-emit-metrics.ps1 dot-sources _common.ps1" time="0.0028" asserts="0" success="True" result="Success" executed="True" />
                  <test-case description="C:\Users\yanp0\VSC platforms\VSC platforms\AI-Platforms\agedefy\tools-v3\v3-jurisdiction-validator.ps1 dot-sources _common.ps1" name="Tool scripts.C:\Users\yanp0\VSC platforms\VSC platforms\AI-Platforms\agedefy\tools-v3\v3-jurisdiction-validator.ps1 dot-sources _common.ps1" time="0.0028" asserts="0" success="True" result="Success" executed="True" />
                  <test-case description="C:\Users\yanp0\VSC platforms\VSC platforms\AI-Platforms\agedefy\tools-v3\v3-kpi-dashboard.ps1 dot-sources _common.ps1" name="Tool scripts.C:\Users\yanp0\VSC platforms\VSC platforms\AI-Platforms\agedefy\tools-v3\v3-kpi-dashboard.ps1 dot-sources _common.ps1" time="0.0022" asserts="0" success="True" result="Success" executed="True" />
                  <test-case description="C:\Users\yanp0\VSC platforms\VSC platforms\AI-Platforms\agedefy\tools-v3\v3-multi-platform-test.ps1 dot-sources _common.ps1" name="Tool scripts.C:\Users\yanp0\VSC platforms\VSC platforms\AI-Platforms\agedefy\tools-v3\v3-multi-platform-test.ps1 dot-sources _common.ps1" time="0.0025" asserts="0" success="True" result="Success" executed="True" />
                  <test-case description="C:\Users\yanp0\VSC platforms\VSC platforms\AI-Platforms\agedefy\tools-v3\v3-orchestrator-visualizer.ps1 dot-sources _common.ps1" name="Tool scripts.C:\Users\yanp0\VSC platforms\VSC platforms\AI-Platforms\agedefy\tools-v3\v3-orchestrator-visualizer.ps1 dot-sources _common.ps1" time="0.0057" asserts="0" success="True" result="Success" executed="True" />
                  <test-case description="C:\Users\yanp0\VSC platforms\VSC platforms\AI-Platforms\agedefy\tools-v3\v3-release.ps1 dot-sources _common.ps1" name="Tool scripts.C:\Users\yanp0\VSC platforms\VSC platforms\AI-Platforms\agedefy\tools-v3\v3-release.ps1 dot-sources _common.ps1" time="0.0014" asserts="0" success="True" result="Success" executed="True" />
                  <test-case description="C:\Users\yanp0\VSC platforms\VSC platforms\AI-Platforms\agedefy\tools-v3\v3-workflow-debugger.ps1 dot-sources _common.ps1" name="Tool scripts.C:\Users\yanp0\VSC platforms\VSC platforms\AI-Platforms\agedefy\tools-v3\v3-workflow-debugger.ps1 dot-sources _common.ps1" time="0.0013" asserts="0" success="True" result="Success" executed="True" />
                </results>
              </test-suite>
            </results>
          </test-suite>
        </results>
      </test-suite>
      <test-suite type="TestFixture" name="C:\Users\yanp0\VSC platforms\VSC platforms\AI-Platforms\agedefy\tests\eval\eval.tests.ps1" executed="True" result="Success" success="True" time="0.1115" asserts="0" description="C:\Users\yanp0\VSC platforms\VSC platforms\AI-Platforms\agedefy\tests\eval\eval.tests.ps1">
        <results>
          <test-suite type="TestFixture" name="Eval dataset coverage" executed="True" result="Success" success="True" time="0.0175" asserts="0" description="Eval dataset coverage">
            <results>
              <test-case description="every expected_intent exists in metadata/intents.yml" name="Eval dataset coverage.every expected_intent exists in metadata/intents.yml" time="0.0039" asserts="0" success="True" result="Success" executed="True" />
              <test-case description="every expected_workflow has a workflow file" name="Eval dataset coverage.every expected_workflow has a workflow file" time="0.0039" asserts="0" success="True" result="Success" executed="True" />
              <test-case description="every case carries a valid expected_jurisdiction_decision" name="Eval dataset coverage.every case carries a valid expected_jurisdiction_decision" time="0.0051" asserts="0" success="True" result="Success" executed="True" />
            </results>
          </test-suite>
        </results>
      </test-suite>
      <test-suite type="TestFixture" name="C:\Users\yanp0\VSC platforms\VSC platforms\AI-Platforms\agedefy\tests\redteam\redteam.tests.ps1" executed="True" result="Success" success="True" time="0.0839" asserts="0" description="C:\Users\yanp0\VSC platforms\VSC platforms\AI-Platforms\agedefy\tests\redteam\redteam.tests.ps1">
        <results>
          <test-suite type="TestFixture" name="Red-team prompt set" executed="True" result="Success" success="True" time="0.013" asserts="0" description="Red-team prompt set">
            <results>
              <test-case description="has at least 4 attack categories" name="Red-team prompt set.has at least 4 attack categories" time="0.0022" asserts="0" success="True" result="Success" executed="True" />
              <test-case description="every category has at least 2 prompts" name="Red-team prompt set.every category has at least 2 prompts" time="0.0039" asserts="0" success="True" result="Success" executed="True" />
              <test-case description="expected_behaviour requires block + audit" name="Red-team prompt set.expected_behaviour requires block + audit" time="0.0014" asserts="0" success="True" result="Success" executed="True" />
            </results>
          </test-suite>
        </results>
      </test-suite>
    </results>
  </test-suite>
</test-results>